<?xml version="1.0" encoding="UTF-8"?>
<!-- Generated by org.testng.reporters.JUnitReportReporter -->
<testsuite hostname="LAPTOP-J4LEQ9VA" failures="0" tests="1" name="SeleniumFramework.Tests.ErrorValidations" time="3.013" errors="0" timestamp="2025-08-04T06:36:48 IST" skipped="0">
  <testcase classname="SeleniumFramework.Tests.ErrorValidations" name="submitOrder" time="3.013"/>
</testsuite> <!-- SeleniumFramework.Tests.ErrorValidations -->
