<?xml version="1.0" encoding="UTF-8"?>
<!-- Generated by org.testng.reporters.JUnitReportReporter -->
<testsuite hostname="LAPTOP-J4LEQ9VA" failures="0" tests="3" name="SeleniumFramework.Tests.StandAloneTest2" time="14.983" errors="0" timestamp="2025-09-03T11:55:19 IST" skipped="0">
  <testcase classname="SeleniumFramework.Tests.StandAloneTest2" name="submitOrder" time="6.860"/>
  <testcase classname="SeleniumFramework.Tests.StandAloneTest2" name="submitOrder" time="5.867"/>
  <testcase classname="SeleniumFramework.Tests.StandAloneTest2" name="checkHistoryOrder" time="2.256"/>
</testsuite> <!-- SeleniumFramework.Tests.StandAloneTest2 -->
